This is pdfTeX, Version 3.1415926-2.5-1.40.14 (TeX Live 2013/Debian) (format=pdflatex 2014.1.10)  6 MAY 2014 04:55
entering extended mode
 restricted \write18 enabled.
 %&-line parsing enabled.
**usenix.tex
(./usenix.tex
LaTeX2e <2011/06/27>
Babel <3.9f> and hyphenation patterns for 2 languages loaded.
(/usr/share/texlive/texmf-dist/tex/latex/base/article.cls
Document Class: article 2007/10/19 v1.4h Standard LaTeX document class
(/usr/share/texlive/texmf-dist/tex/latex/base/size10.clo
File: size10.clo 2007/10/19 v1.4h Standard LaTeX file (size option)
)
\c@part=\count79
\c@section=\count80
\c@subsection=\count81
\c@subsubsection=\count82
\c@paragraph=\count83
\c@subparagraph=\count84
\c@figure=\count85
\c@table=\count86
\abovecaptionskip=\skip41
\belowcaptionskip=\skip42
\bibindent=\dimen102
) (./usenix.sty
(/usr/share/texlive/texmf-dist/tex/latex/psnfss/mathptmx.sty
Package: mathptmx 2005/04/12 PSNFSS-v9.2a Times w/ Math, improved (SPQR, WaS) 
LaTeX Font Info:    Redeclaring symbol font `operators' on input line 28.
LaTeX Font Info:    Overwriting symbol font `operators' in version `normal'
(Font)                  OT1/cmr/m/n --> OT1/ztmcm/m/n on input line 28.
LaTeX Font Info:    Overwriting symbol font `operators' in version `bold'
(Font)                  OT1/cmr/bx/n --> OT1/ztmcm/m/n on input line 28.
LaTeX Font Info:    Redeclaring symbol font `letters' on input line 29.
LaTeX Font Info:    Overwriting symbol font `letters' in version `normal'
(Font)                  OML/cmm/m/it --> OML/ztmcm/m/it on input line 29.
LaTeX Font Info:    Overwriting symbol font `letters' in version `bold'
(Font)                  OML/cmm/b/it --> OML/ztmcm/m/it on input line 29.
LaTeX Font Info:    Redeclaring symbol font `symbols' on input line 30.
LaTeX Font Info:    Overwriting symbol font `symbols' in version `normal'
(Font)                  OMS/cmsy/m/n --> OMS/ztmcm/m/n on input line 30.
LaTeX Font Info:    Overwriting symbol font `symbols' in version `bold'
(Font)                  OMS/cmsy/b/n --> OMS/ztmcm/m/n on input line 30.
LaTeX Font Info:    Redeclaring symbol font `largesymbols' on input line 31.
LaTeX Font Info:    Overwriting symbol font `largesymbols' in version `normal'
(Font)                  OMX/cmex/m/n --> OMX/ztmcm/m/n on input line 31.
LaTeX Font Info:    Overwriting symbol font `largesymbols' in version `bold'
(Font)                  OMX/cmex/m/n --> OMX/ztmcm/m/n on input line 31.
\symbold=\mathgroup4
\symitalic=\mathgroup5
LaTeX Font Info:    Redeclaring math alphabet \mathbf on input line 34.
LaTeX Font Info:    Overwriting math alphabet `\mathbf' in version `normal'
(Font)                  OT1/cmr/bx/n --> OT1/ptm/bx/n on input line 34.
LaTeX Font Info:    Overwriting math alphabet `\mathbf' in version `bold'
(Font)                  OT1/cmr/bx/n --> OT1/ptm/bx/n on input line 34.
LaTeX Font Info:    Redeclaring math alphabet \mathit on input line 35.
LaTeX Font Info:    Overwriting math alphabet `\mathit' in version `normal'
(Font)                  OT1/cmr/m/it --> OT1/ptm/m/it on input line 35.
LaTeX Font Info:    Overwriting math alphabet `\mathit' in version `bold'
(Font)                  OT1/cmr/bx/it --> OT1/ptm/m/it on input line 35.
LaTeX Info: Redefining \hbar on input line 50.
))
(/usr/share/texlive/texmf-dist/tex/latex/graphics/epsfig.sty
Package: epsfig 1999/02/16 v1.7a (e)psfig emulation (SPQR)

(/usr/share/texlive/texmf-dist/tex/latex/graphics/graphicx.sty
Package: graphicx 1999/02/16 v1.0f Enhanced LaTeX Graphics (DPC,SPQR)

(/usr/share/texlive/texmf-dist/tex/latex/graphics/keyval.sty
Package: keyval 1999/03/16 v1.13 key=value parser (DPC)
\KV@toks@=\toks14
)
(/usr/share/texlive/texmf-dist/tex/latex/graphics/graphics.sty
Package: graphics 2009/02/05 v1.0o Standard LaTeX Graphics (DPC,SPQR)

(/usr/share/texlive/texmf-dist/tex/latex/graphics/trig.sty
Package: trig 1999/03/16 v1.09 sin cos tan (DPC)
)
(/usr/share/texlive/texmf-dist/tex/latex/latexconfig/graphics.cfg
File: graphics.cfg 2010/04/23 v1.9 graphics configuration of TeX Live
)
Package graphics Info: Driver file: pdftex.def on input line 91.

(/usr/share/texlive/texmf-dist/tex/latex/pdftex-def/pdftex.def
File: pdftex.def 2011/05/27 v0.06d Graphics/color for pdfTeX

(/usr/share/texlive/texmf-dist/tex/generic/oberdiek/infwarerr.sty
Package: infwarerr 2010/04/08 v1.3 Providing info/warning/error messages (HO)
)
(/usr/share/texlive/texmf-dist/tex/generic/oberdiek/ltxcmds.sty
Package: ltxcmds 2011/11/09 v1.22 LaTeX kernel commands for general use (HO)
)
\Gread@gobject=\count87
))
\Gin@req@height=\dimen103
\Gin@req@width=\dimen104
)
\epsfxsize=\dimen105
\epsfysize=\dimen106
)
(/usr/share/texlive/texmf-dist/tex/latex/endnotes/endnotes.sty
\c@endnote=\count88
\endnotesep=\dimen107
\@enotes=\write3
)
(/usr/share/texlive/texmf-dist/tex/latex/was/upgreek.sty
Package: upgreek 2003/02/12 v2.0 (WaS)
Package upgreek Info: Using Euler Roman for upright Greek on input line 31.
\symugrf@m=\mathgroup6
LaTeX Font Info:    Overwriting symbol font `ugrf@m' in version `bold'
(Font)                  U/eur/m/n --> U/eur/b/n on input line 38.
) (./usenix.aux)
\openout1 = `usenix.aux'.

LaTeX Font Info:    Checking defaults for OML/cmm/m/it on input line 24.
LaTeX Font Info:    ... okay on input line 24.
LaTeX Font Info:    Checking defaults for T1/cmr/m/n on input line 24.
LaTeX Font Info:    ... okay on input line 24.
LaTeX Font Info:    Checking defaults for OT1/cmr/m/n on input line 24.
LaTeX Font Info:    ... okay on input line 24.
LaTeX Font Info:    Checking defaults for OMS/cmsy/m/n on input line 24.
LaTeX Font Info:    ... okay on input line 24.
LaTeX Font Info:    Checking defaults for OMX/cmex/m/n on input line 24.
LaTeX Font Info:    ... okay on input line 24.
LaTeX Font Info:    Checking defaults for U/cmr/m/n on input line 24.
LaTeX Font Info:    ... okay on input line 24.
LaTeX Font Info:    Try loading font information for OT1+ptm on input line 24.

(/usr/share/texlive/texmf-dist/tex/latex/psnfss/ot1ptm.fd
File: ot1ptm.fd 2001/06/04 font definitions for OT1/ptm.
)
\big@size=\dimen108

(/usr/share/texlive/texmf-dist/tex/context/base/supp-pdf.mkii
[Loading MPS to PDF converter (version 2006.09.02).]
\scratchcounter=\count89
\scratchdimen=\dimen109
\scratchbox=\box26
\nofMPsegments=\count90
\nofMParguments=\count91
\everyMPshowfont=\toks15
\MPscratchCnt=\count92
\MPscratchDim=\dimen110
\MPnumerator=\count93
\makeMPintoPDFobject=\count94
\everyMPtoPDFconversion=\toks16
) (/usr/share/texlive/texmf-dist/tex/generic/oberdiek/pdftexcmds.sty
Package: pdftexcmds 2011/11/29 v0.20 Utility functions of pdfTeX for LuaTeX (HO
)

(/usr/share/texlive/texmf-dist/tex/generic/oberdiek/ifluatex.sty
Package: ifluatex 2010/03/01 v1.3 Provides the ifluatex switch (HO)
Package ifluatex Info: LuaTeX not detected.
)
(/usr/share/texlive/texmf-dist/tex/generic/oberdiek/ifpdf.sty
Package: ifpdf 2011/01/30 v2.3 Provides the ifpdf switch (HO)
Package ifpdf Info: pdfTeX in PDF mode is detected.
)
Package pdftexcmds Info: LuaTeX not detected.
Package pdftexcmds Info: \pdf@primitive is available.
Package pdftexcmds Info: \pdf@ifprimitive is available.
Package pdftexcmds Info: \pdfdraftmode found.
)
(/usr/share/texlive/texmf-dist/tex/latex/oberdiek/epstopdf-base.sty
Package: epstopdf-base 2010/02/09 v2.5 Base part for package epstopdf

(/usr/share/texlive/texmf-dist/tex/latex/oberdiek/grfext.sty
Package: grfext 2010/08/19 v1.1 Manage graphics extensions (HO)

(/usr/share/texlive/texmf-dist/tex/generic/oberdiek/kvdefinekeys.sty
Package: kvdefinekeys 2011/04/07 v1.3 Define keys (HO)
))
(/usr/share/texlive/texmf-dist/tex/latex/oberdiek/kvoptions.sty
Package: kvoptions 2011/06/30 v3.11 Key value format for package options (HO)

(/usr/share/texlive/texmf-dist/tex/generic/oberdiek/kvsetkeys.sty
Package: kvsetkeys 2012/04/25 v1.16 Key value parser (HO)

(/usr/share/texlive/texmf-dist/tex/generic/oberdiek/etexcmds.sty
Package: etexcmds 2011/02/16 v1.5 Avoid name clashes with e-TeX commands (HO)
Package etexcmds Info: Could not find \expanded.
(etexcmds)             That can mean that you are not using pdfTeX 1.50 or
(etexcmds)             that some package has redefined \expanded.
(etexcmds)             In the latter case, load this package earlier.
)))
Package grfext Info: Graphics extension search list:
(grfext)             [.png,.pdf,.jpg,.mps,.jpeg,.jbig2,.jb2,.PNG,.PDF,.JPG,.JPE
G,.JBIG2,.JB2,.eps]
(grfext)             \AppendGraphicsExtensions on input line 452.

(/usr/share/texlive/texmf-dist/tex/latex/latexconfig/epstopdf-sys.cfg
File: epstopdf-sys.cfg 2010/07/13 v1.3 Configuration of (r)epstopdf for TeX Liv
e
))
LaTeX Font Info:    Font shape `OT1/ptm/bx/n' in size <14.4> not available
(Font)              Font shape `OT1/ptm/b/n' tried instead on input line 41.
LaTeX Font Info:    Try loading font information for OT1+ztmcm on input line 41
.

(/usr/share/texlive/texmf-dist/tex/latex/psnfss/ot1ztmcm.fd
File: ot1ztmcm.fd 2000/01/03 Fontinst v1.801 font definitions for OT1/ztmcm.
)
LaTeX Font Info:    Try loading font information for OML+ztmcm on input line 41
.

(/usr/share/texlive/texmf-dist/tex/latex/psnfss/omlztmcm.fd
File: omlztmcm.fd 2000/01/03 Fontinst v1.801 font definitions for OML/ztmcm.
)
LaTeX Font Info:    Try loading font information for OMS+ztmcm on input line 41
.

(/usr/share/texlive/texmf-dist/tex/latex/psnfss/omsztmcm.fd
File: omsztmcm.fd 2000/01/03 Fontinst v1.801 font definitions for OMS/ztmcm.
)
LaTeX Font Info:    Try loading font information for OMX+ztmcm on input line 41
.

(/usr/share/texlive/texmf-dist/tex/latex/psnfss/omxztmcm.fd
File: omxztmcm.fd 2000/01/03 Fontinst v1.801 font definitions for OMX/ztmcm.
)
LaTeX Font Info:    Font shape `OT1/ptm/bx/n' in size <12> not available
(Font)              Font shape `OT1/ptm/b/n' tried instead on input line 41.
LaTeX Font Info:    Font shape `OT1/ptm/bx/n' in size <9> not available
(Font)              Font shape `OT1/ptm/b/n' tried instead on input line 41.
LaTeX Font Info:    Font shape `OT1/ptm/bx/n' in size <7> not available
(Font)              Font shape `OT1/ptm/b/n' tried instead on input line 41.
LaTeX Font Info:    Font shape `OT1/ptm/bx/n' in size <10> not available
(Font)              Font shape `OT1/ptm/b/n' tried instead on input line 70.

Underfull \hbox (badness 2409) in paragraph at lines 66--75
\OT1/ptm/m/n/10 Against a back-drop of de-clin-ing PC and grow-ing
 []


Underfull \hbox (badness 1163) in paragraph at lines 66--75
\OT1/ptm/m/n/10 smart-phone sales, mo-bile de-vices drive de-mand for
 []


Underfull \hbox (badness 1024) in paragraph at lines 66--75
\OT1/ptm/m/n/10 the IO and mem-ory band-width re-quire-ments of the
 []


Underfull \hbox (badness 1168) in paragraph at lines 66--75
[]\OT1/ptm/m/n/10 package IO den-sity is a well known prob-lem to
 []


Underfull \hbox (badness 1337) in paragraph at lines 66--75
\OT1/ptm/m/n/10 ob-ser-va-tion is that re-duc-ing CMOS volt-age has an
 []


Underfull \hbox (badness 1097) in paragraph at lines 66--75
\OT1/ptm/m/n/10 of op-ti-miz-ing power pins to IO pins by in-creas-ing
 []


Underfull \hbox (badness 10000) in paragraph at lines 66--75

 []


Underfull \vbox (badness 10000) has occurred while \output is active []

 [1{/var/lib/texmf/fonts/map/pdftex/updmap/pdftex.map}


]
LaTeX Font Info:    Try loading font information for OMS+ptm on input line 76.

(/usr/share/texlive/texmf-dist/tex/latex/psnfss/omsptm.fd
File: omsptm.fd 
)
LaTeX Font Info:    Font shape `OMS/ptm/m/n' in size <10> not available
(Font)              Font shape `OMS/cmsy/m/n' tried instead on input line 76.
LaTeX Font Info:    Font shape `OT1/ptm/bx/n' in size <7.4> not available
(Font)              Font shape `OT1/ptm/b/n' tried instead on input line 90.
LaTeX Font Info:    Font shape `OT1/ptm/bx/n' in size <6> not available
(Font)              Font shape `OT1/ptm/b/n' tried instead on input line 90.

Underfull \hbox (badness 6125) in paragraph at lines 94--94
[]\OT1/ptm/b/n/12 Switched Ca-pac-i-tor step-down con-
 []


Underfull \hbox (badness 10000) in paragraph at lines 96--97

 []

<SCTopology.png, id=9, 1124.2pt x 724.7075pt>
File: SCTopology.png Graphic file (type png)
 <use SCTopology.png>
Package pdftex.def Info: SCTopology.png used on input line 100.
(pdftex.def)             Requested size: 187.89912pt x 121.1197pt.

Underfull \hbox (badness 10000) in paragraph at lines 105--108

 []

<BKTopology.png, id=10, 883.3pt x 622.325pt>
File: BKTopology.png Graphic file (type png)
 <use BKTopology.png>
Package pdftex.def Info: BKTopology.png used on input line 113.
(pdftex.def)             Requested size: 187.89912pt x 132.38237pt.


LaTeX Warning: `h' float specifier changed to `ht'.


Underfull \hbox (badness 10000) in paragraph at lines 119--120

 []

[2 <./SCTopology.png (PNG copy)>]
<SCTopologyParasitics.png, id=17, 1104.125pt x 748.7975pt>
File: SCTopologyParasitics.png Graphic file (type png)

<use SCTopologyParasitics.png>
Package pdftex.def Info: SCTopologyParasitics.png used on input line 133.
(pdftex.def)             Requested size: 187.89912pt x 127.431pt.

<BottomPlateCap.png, id=18, 775.89874pt x 612.2875pt>
File: BottomPlateCap.png Graphic file (type png)
 <use BottomPlateCap.png>
Package pdftex.def Info: BottomPlateCap.png used on input line 138.
(pdftex.def)             Requested size: 187.89912pt x 148.26932pt.


LaTeX Warning: `h' float specifier changed to `ht'.


LaTeX Warning: `h' float specifier changed to `ht'.


Underfull \vbox (badness 1776) has occurred while \output is active []

 [3 <./BKTopology.png (PNG copy)> <./SCTopologyParasitics.png> <./BottomPlateCa
p.png>]
<BuckTopologyParasitics.png, id=25, 943.525pt x 632.3625pt>
File: BuckTopologyParasitics.png Graphic file (type png)

<use BuckTopologyParasitics.png>
Package pdftex.def Info: BuckTopologyParasitics.png used on input line 160.
(pdftex.def)             Requested size: 187.89912pt x 125.9299pt.

Underfull \hbox (badness 10000) in paragraph at lines 157--165

 []


Underfull \hbox (badness 10000) in paragraph at lines 166--169

 []


Underfull \hbox (badness 10000) in paragraph at lines 174--175

 []


Underfull \hbox (badness 10000) in paragraph at lines 180--181

 []

[4 <./BuckTopologyParasitics.png>]
Underfull \hbox (badness 10000) in paragraph at lines 200--206

 []


LaTeX Warning: Reference `ControlCKBlockDiags' on page 5 undefined on input lin
e 210.


Underfull \hbox (badness 10000) in paragraph at lines 210--214

 []


LaTeX Warning: Reference `MaximLDO' on page 5 undefined on input line 219.


Underfull \hbox (badness 10000) in paragraph at lines 217--221

 []


LaTeX Warning: Citation `Rodriguez2014' on page 5 undefined on input line 223.


Underfull \hbox (badness 10000) in paragraph at lines 226--227

 []

[5]
Underfull \hbox (badness 10000) in paragraph at lines 234--235
[]\OT1/ptm/m/n/10 Inductors have a nec-es-sar-ily large par-a-sitic
 []


Underfull \hbox (badness 1275) in paragraph at lines 234--235
\OT1/ptm/m/n/10 impedance be-cause they are made from coiled
 []


Underfull \hbox (badness 1859) in paragraph at lines 234--235
\OT1/ptm/m/n/10 impedance which shrinks as the plate size or
 []


Underfull \hbox (badness 2173) in paragraph at lines 260--260
[]\OT1/ptm/b/n/12 Performance draw-backs of Base-line
 []


Underfull \hbox (badness 10000) in paragraph at lines 261--267

 []


Underfull \hbox (badness 10000) in paragraph at lines 281--288

 []

[6]
Underfull \hbox (badness 1521) in paragraph at lines 289--303
[]\OT1/ptm/m/n/10 As a fi-nal note, CMOS switches can-not usu-ally
 []


Underfull \hbox (badness 1521) in paragraph at lines 289--303
\OT1/ptm/m/n/10 be-tween the ground node and bot-tom plate of the
 []


Underfull \hbox (badness 1838) in paragraph at lines 289--303
[]\OT1/ptm/m/n/10 Considering the loss mech-a-nisms in a ca-pac-i-tor,
 []


Underfull \hbox (badness 7047) in paragraph at lines 289--303
\OT1/ptm/m/n/10 re-search ques-tions con-cern tech-nol-ogy pa-ram-e-ters
 []


Underfull \hbox (badness 10000) in paragraph at lines 289--303

 []


Underfull \vbox (badness 10000) has occurred while \output is active []


Underfull \hbox (badness 10000) in paragraph at lines 311--313

 []

[7]

LaTeX Warning: Citation `Bandyopadhyay2011' on page 8 undefined on input line 3
16.

<TransistorPerf.png, id=43, 1227.58624pt x 438.63875pt>
File: TransistorPerf.png Graphic file (type png)

<use TransistorPerf.png>
Package pdftex.def Info: TransistorPerf.png used on input line 321.
(pdftex.def)             Requested size: 187.89912pt x 67.13828pt.

Underfull \hbox (badness 2913) in paragraph at lines 327--328
[]\OT1/ptm/m/n/10 To con-clude dis-cus-sion on power switches, the
 []


Underfull \hbox (badness 1062) in paragraph at lines 327--328
\OT1/ptm/m/n/10 lit-er-a-ture pro-posed novel cir-cuit de-signs to im-prove
 []


Underfull \hbox (badness 1087) in paragraph at lines 327--328
\OT1/ptm/m/n/10 in-di-cates as volt-age and power den-sity de-mands of
 []


Underfull \hbox (badness 10000) in paragraph at lines 327--328

 []

[8 <./TransistorPerf.png>]

LaTeX Warning: Citation `Pique2012' on page 9 undefined on input line 333.


LaTeX Warning: Citation `Pique' on page 9 undefined on input line 333.


Overfull \hbox (25.57211pt too wide) in paragraph at lines 336--344
[][] 
 []


Underfull \hbox (badness 1082) in paragraph at lines 328--352
[]\OT1/ptm/m/n/10 In sum-mary of ca-pac-i-tors, early cir-cuit level ap-
 []

[9] <CostvsGainofBondWireInductor.png, id=50, 365.365pt x 330.23375pt>
File: CostvsGainofBondWireInductor.png Graphic file (type png)

<use CostvsGainofBondWireInductor.png>
Package pdftex.def Info: CostvsGainofBondWireInductor.png used on input line 35
7.
(pdftex.def)             Requested size: 187.89912pt x 169.83292pt.

Underfull \hbox (badness 4084) in paragraph at lines 362--365
[]\OT1/ptm/m/n/10 With the above men-tioned lim-i-ta-tions, re-search
 []


Underfull \hbox (badness 10000) in paragraph at lines 362--365

 []


Underfull \hbox (badness 1701) in paragraph at lines 367--369
\OT1/ptm/m/n/10 and ca-pac-i-tors, but these re-quire ad-di-tional dop-ing
 []


Underfull \hbox (badness 10000) in paragraph at lines 367--369

 []


LaTeX Warning: Citation `Pique2012' on page 10 undefined on input line 378.


Underfull \hbox (badness 2644) in paragraph at lines 371--379
\OT1/ptm/m/n/10 to dig-i-tal pro-ces-sors al-lows for com-plex ca-pac-i-tor
 []


Underfull \hbox (badness 3471) in paragraph at lines 371--379
\OT1/ptm/m/n/10 with more gran-u-lar impedance mod-u-la-tion con-trol
 []


Underfull \hbox (badness 1092) in paragraph at lines 371--379
\OT1/ptm/m/n/10 vis-i-ble at the load is not mod-u-lated. In-stead, the
 []


Underfull \hbox (badness 1472) in paragraph at lines 371--379
\OT1/ptm/m/n/10 ag-gres-sive ex-plo-ration of ca-pac-i-tance mod-ule phase
 []


Underfull \hbox (badness 10000) in paragraph at lines 371--379

 []

[10 <./CostvsGainofBondWireInductor.png>]
Underfull \hbox (badness 1226) in paragraph at lines 382--390
\OT1/ptm/m/n/10 The ba-sic buck topol-ogy of-fers su-pe-rior impedance
 []


Underfull \hbox (badness 1184) in paragraph at lines 382--390
\OT1/ptm/m/n/10 im-proves buck ef-fi-ciency for heavy loads since the
 []


Underfull \hbox (badness 2401) in paragraph at lines 382--390
\OT1/ptm/m/n/10 in-creased Impedance. Impedance is in-creased by
 []


Underfull \hbox (badness 1546) in paragraph at lines 382--390
\OT1/ptm/m/n/10 a tech-nique ap-plied in in-te-graged SC ar-chi-tec-tures.
 []


Underfull \hbox (badness 1147) in paragraph at lines 382--390
\OT1/ptm/m/n/10 How-ever un-like ca-pac-i-tance, in-duc-tance re-duces for
 []


Underfull \hbox (badness 1521) in paragraph at lines 382--390
\OT1/ptm/m/n/10 buck con-vert-ers can ad-just $\OML/ztmcm/m/it/10 T[]$ \OT1/ptm
/m/n/10 of the power train
 []


Underfull \hbox (badness 10000) in paragraph at lines 382--390

 []


Underfull \hbox (badness 3219) in paragraph at lines 391--393
\OT1/ptm/m/n/10 con-trol phase shift tech-niques ap-plied to mod-u-lar
 []


Underfull \hbox (badness 10000) in paragraph at lines 391--393

 []


Underfull \vbox (badness 10000) has occurred while \output is active []

 [11]
<TransmissionLine.png, id=58, 963.6pt x 240.9pt>
File: TransmissionLine.png Graphic file (type png)
 <use TransmissionLine.png>
Package pdftex.def Info: TransmissionLine.png used on input line 420.
(pdftex.def)             Requested size: 187.89912pt x 46.97346pt.


LaTeX Warning: Reference `IOBuf' on page 12 undefined on input line 426.


Underfull \hbox (badness 1337) in paragraph at lines 426--431
[]\OT1/ptm/m/n/10 For re-duc-ing sig-nal drive con-sider the IO buffer
 []


Overfull \hbox (25.90431pt too wide) in paragraph at lines 426--431
\OT1/ptm/b/n/10 DIAGRAMSHOWINGLARGEPARASITCINDUCTANCE
 []


Underfull \hbox (badness 1005) in paragraph at lines 426--431
\OT1/ptm/m/n/10 speed IO, such as pro-ces-sor to pro-ces-sor in-ter-faces
 []


Underfull \hbox (badness 1533) in paragraph at lines 426--431
\OT1/ptm/m/n/10 par-a-sitic in-duc-tance In-creases this power con-vert-ers
 []


Underfull \hbox (badness 10000) in paragraph at lines 426--431

 []


Underfull \hbox (badness 10000) in paragraph at lines 432--441

 []

[12 <./TransmissionLine.png (PNG copy)>]
Underfull \hbox (badness 1122) in paragraph at lines 453--455
\OT1/ptm/m/n/10 power loads. re-viewed lit-er-a-ture has also re-ported
 []


Underfull \hbox (badness 10000) in paragraph at lines 453--455

 []


Underfull \vbox (badness 1082) has occurred while \output is active []


Underfull \hbox (badness 10000) in paragraph at lines 482--483

 []


LaTeX Warning: Citation `Pilawa2012' on page 13 undefined on input line 484.


LaTeX Warning: Citation `Pique' on page 13 undefined on input line 487.


Underfull \hbox (badness 2717) in paragraph at lines 484--489
\OT1/ptm/m/n/10 LDMOS tran-sis-tors can-not op-er-ate fast enough to
 []


Underfull \hbox (badness 3229) in paragraph at lines 484--489
\OT1/ptm/m/n/10 pre-regulated ca-pac-i-tors are ex-cel-lent charge wells
 []


Underfull \hbox (badness 1448) in paragraph at lines 484--489
\OT1/ptm/m/n/10 ap-proach of pas-sives may also be fur-ther ex-plored
 []


Underfull \hbox (badness 1436) in paragraph at lines 484--489
\OT1/ptm/m/n/10 as Pli-awa's de-sign mounts the power ca-pac-i-tors to
 []


Underfull \hbox (badness 1577) in paragraph at lines 484--489
\OT1/ptm/m/n/10 the die sub-strate, in-tro-duc-ing a far larger par-a-sitic
 []


Underfull \hbox (badness 1571) in paragraph at lines 484--489
\OT1/ptm/m/n/10 im-pen-dence than Stur-cken and In-tel's $\OML/ztmcm/m/it/10 Si
$ \OT1/ptm/m/n/10 in-ter-poser
 []


Underfull \hbox (badness 1242) in paragraph at lines 484--489
\OT1/ptm/m/n/10 ca-pac-i-tors [[]] em-ployed by \OT1/ptm/b/n/10 cite from struc
ken or
 []


Underfull \hbox (badness 10000) in paragraph at lines 484--489

 []

[13]
Underfull \hbox (badness 1314) in paragraph at lines 489--494
\OT1/ptm/m/n/10 Although the $\OML/ztmcm/m/it/10 Si$ \OT1/ptm/m/n/10 in-ter-pos
er de-sign has an at-trac-tive
 []


Underfull \hbox (badness 1715) in paragraph at lines 489--494
\OT1/ptm/m/n/10 out-put op-er-at-ing point en-ve-lope, re-search ques-tions
 []


Underfull \hbox (badness 1540) in paragraph at lines 489--494
\OT1/ptm/m/n/10 in a sin-gle in-te-grated con-verter with an ag-gres-sive
 []


Underfull \hbox (badness 10000) in paragraph at lines 489--494

 []


LaTeX Warning: Citation `Pilawa2012' on page 14 undefined on input line 504.

(./usenix.bbl
Underfull \vbox (badness 1221) has occurred while \output is active []

 [14]
Missing character: There is no Î in font ptmr7t!
Missing character: There is no ¼ in font ptmr7t!
Missing character: There is no Ã in font ptmrc7t!
Missing character: There is no ¡ in font ptmrc7t!

Underfull \hbox (badness 1708) in paragraph at lines 25--28
[]\OT1/ptm/m/sc/8 Andreou, A. G., and Snchez-Sinencio., E.  \OT1/ptm/m/n/8 Low-

 []

Missing character: There is no â in font ptmr7t!
Missing character: There is no € in font ptmr7t!
Missing character: There is no “ in font ptmr7t!
Missing character: There is no â in font ptmr7t!
Missing character: There is no € in font ptmr7t!
Missing character: There is no “ in font ptmr7t!
Missing character: There is no Ã in font ptmrc7t!
Missing character: There is no Ÿ in font ptmrc7t!
Missing character: There is no Ã in font ptmri7t!
Missing character: There is no ¤ in font ptmri7t!
[15]
Missing character: There is no â in font ptmr7t!
Missing character: There is no € in font ptmr7t!
Missing character: There is no “ in font ptmr7t!
Missing character: There is no â in font ptmri7t!
Missing character: There is no € in font ptmri7t!
Missing character: There is no ” in font ptmri7t!
Missing character: There is no Â in font ptmr7t!
Missing character: There is no µ in font ptmr7t!
) (./usenix.ent
LaTeX Font Info:    Font shape `OT1/ptm/bx/n' in size <8> not available
(Font)              Font shape `OT1/ptm/b/n' tried instead on input line 2.
LaTeX Font Info:    Font shape `OT1/ptm/bx/n' in size <5> not available
(Font)              Font shape `OT1/ptm/b/n' tried instead on input line 2.
) [16

] (./usenix.aux)

LaTeX Warning: There were undefined references.

 ) 
Here is how much of TeX's memory you used:
 1928 strings out of 495031
 27600 string characters out of 6181531
 87902 words of memory out of 5000000
 5069 multiletter control sequences out of 15000+600000
 50755 words of font info for 104 fonts, out of 8000000 for 9000
 14 hyphenation exceptions out of 8191
 37i,9n,23p,1203b,249s stack positions out of 5000i,500n,10000p,200000b,80000s
{/usr/share/texlive/texmf-dist/fonts/enc/dvips/base/8r.enc}</usr/share/texliv
e/texmf-dist/fonts/type1/public/amsfonts/cm/cmmi10.pfb></usr/share/texlive/texm
f-dist/fonts/type1/public/amsfonts/cm/cmr10.pfb></usr/share/texlive/texmf-dist/
fonts/type1/public/amsfonts/cm/cmsy10.pfb></usr/share/texlive/texmf-dist/fonts/
type1/public/amsfonts/euler/eurm10.pfb></usr/share/texlive/texmf-dist/fonts/typ
e1/urw/symbol/usyr.pfb></usr/share/texlive/texmf-dist/fonts/type1/urw/symbol/us
yr.pfb></usr/share/texlive/texmf-dist/fonts/type1/urw/times/utmb8a.pfb></usr/sh
are/texlive/texmf-dist/fonts/type1/urw/times/utmr8a.pfb></usr/share/texlive/tex
mf-dist/fonts/type1/urw/times/utmri8a.pfb>
Output written on usenix.pdf (16 pages, 330723 bytes).
PDF statistics:
 106 PDF objects out of 1000 (max. 8388607)
 66 compressed objects within 1 object stream
 0 named destinations out of 1000 (max. 500000)
 41 words of extra memory for PDF output out of 10000 (max. 10000000)

